<?xml version="1.0" encoding="UTF-8"?>
<coverage generated="1662561932243" clover="3.2.0">
  <project timestamp="1662561932243" name="All files">
    <metrics statements="95" coveredstatements="59" conditionals="34" coveredconditionals="16" methods="24" coveredmethods="15" elements="153" coveredelements="90" complexity="0" loc="95" ncloc="95" packages="3" files="6" classes="6"/>
    <package name="Pages.ChatPage">
      <metrics statements="63" coveredstatements="42" conditionals="16" coveredconditionals="10" methods="16" coveredmethods="10"/>
      <file name="index.js" path="C:\Users\mattr\Desktop\Futureproof\Lap4\Anigram\anigram-project\client\src\Pages\ChatPage\index.js">
        <metrics statements="63" coveredstatements="42" conditionals="16" coveredconditionals="10" methods="16" coveredmethods="10"/>
        <line num="7" count="1" type="stmt"/>
        <line num="8" count="14" type="stmt"/>
        <line num="9" count="13" type="stmt"/>
        <line num="10" count="13" type="stmt"/>
        <line num="11" count="13" type="stmt"/>
        <line num="12" count="13" type="stmt"/>
        <line num="13" count="13" type="stmt"/>
        <line num="14" count="13" type="stmt"/>
        <line num="15" count="13" type="stmt"/>
        <line num="16" count="13" type="stmt"/>
        <line num="17" count="13" type="stmt"/>
        <line num="18" count="13" type="stmt"/>
        <line num="19" count="5" type="stmt"/>
        <line num="20" count="5" type="stmt"/>
        <line num="21" count="5" type="stmt"/>
        <line num="22" count="3" type="stmt"/>
        <line num="23" count="3" type="stmt"/>
        <line num="24" count="3" type="stmt"/>
        <line num="26" count="5" type="stmt"/>
        <line num="27" count="5" type="stmt"/>
        <line num="28" count="5" type="stmt"/>
        <line num="30" count="5" type="stmt"/>
        <line num="32" count="0" type="stmt"/>
        <line num="37" count="13" type="stmt"/>
        <line num="38" count="1" type="stmt"/>
        <line num="39" count="3" type="stmt"/>
        <line num="44" count="2" type="cond" truecount="1" falsecount="1"/>
        <line num="45" count="1" type="stmt"/>
        <line num="49" count="3" type="stmt"/>
        <line num="50" count="3" type="cond" truecount="2" falsecount="2"/>
        <line num="52" count="2" type="stmt"/>
        <line num="53" count="2" type="stmt"/>
        <line num="55" count="1" type="stmt"/>
        <line num="56" count="1" type="stmt"/>
        <line num="57" count="1" type="stmt"/>
        <line num="58" count="0" type="stmt"/>
        <line num="59" count="0" type="stmt"/>
        <line num="61" count="0" type="stmt"/>
        <line num="62" count="0" type="stmt"/>
        <line num="63" count="0" type="stmt"/>
        <line num="65" count="0" type="stmt"/>
        <line num="68" count="1" type="stmt"/>
        <line num="72" count="13" type="stmt"/>
        <line num="73" count="0" type="stmt"/>
        <line num="76" count="13" type="stmt"/>
        <line num="77" count="0" type="stmt"/>
        <line num="82" count="0" type="stmt"/>
        <line num="83" count="0" type="stmt"/>
        <line num="86" count="13" type="stmt"/>
        <line num="87" count="0" type="stmt"/>
        <line num="88" count="0" type="stmt"/>
        <line num="92" count="0" type="stmt"/>
        <line num="95" count="13" type="stmt"/>
        <line num="96" count="0" type="stmt"/>
        <line num="99" count="13" type="stmt"/>
        <line num="100" count="0" type="stmt"/>
        <line num="101" count="0" type="stmt"/>
        <line num="102" count="0" type="stmt"/>
        <line num="105" count="13" type="stmt"/>
        <line num="136" count="6" type="stmt"/>
        <line num="144" count="0" type="stmt"/>
        <line num="145" count="0" type="stmt"/>
        <line num="146" count="0" type="stmt"/>
      </file>
    </package>
    <package name="components">
      <metrics statements="16" coveredstatements="9" conditionals="2" coveredconditionals="2" methods="6" coveredmethods="3"/>
      <file name="ChatOption.js" path="C:\Users\mattr\Desktop\Futureproof\Lap4\Anigram\anigram-project\client\src\components\ChatOption.js">
        <metrics statements="5" coveredstatements="3" conditionals="0" coveredconditionals="0" methods="2" coveredmethods="1"/>
        <line num="3" count="1" type="stmt"/>
        <line num="4" count="6" type="stmt"/>
        <line num="5" count="0" type="stmt"/>
        <line num="6" count="0" type="stmt"/>
        <line num="8" count="6" type="stmt"/>
      </file>
      <file name="Conversation.js" path="C:\Users\mattr\Desktop\Futureproof\Lap4\Anigram\anigram-project\client\src\components\Conversation.js">
        <metrics statements="11" coveredstatements="6" conditionals="2" coveredconditionals="2" methods="4" coveredmethods="2"/>
        <line num="3" count="1" type="stmt"/>
        <line num="5" count="1" type="stmt"/>
        <line num="7" count="1" type="stmt"/>
        <line num="8" count="0" type="stmt"/>
        <line num="11" count="1" type="stmt"/>
        <line num="12" count="0" type="stmt"/>
        <line num="14" count="0" type="stmt"/>
        <line num="15" count="0" type="stmt"/>
        <line num="16" count="0" type="stmt"/>
        <line num="20" count="1" type="stmt"/>
        <line num="23" count="3" type="stmt"/>
      </file>
    </package>
    <package name="reducers">
      <metrics statements="16" coveredstatements="8" conditionals="16" coveredconditionals="4" methods="2" coveredmethods="2"/>
      <file name="auth.js" path="C:\Users\mattr\Desktop\Futureproof\Lap4\Anigram\anigram-project\client\src\reducers\auth.js">
        <metrics statements="9" coveredstatements="4" conditionals="10" coveredconditionals="2" methods="1" coveredmethods="1"/>
        <line num="13" count="1" type="stmt"/>
        <line num="18" count="7" type="stmt"/>
        <line num="20" count="7" type="cond" truecount="1" falsecount="8"/>
        <line num="23" count="0" type="stmt"/>
        <line num="28" count="0" type="stmt"/>
        <line num="33" count="0" type="stmt"/>
        <line num="38" count="0" type="stmt"/>
        <line num="45" count="0" type="stmt"/>
        <line num="47" count="7" type="stmt"/>
      </file>
      <file name="index.js" path="C:\Users\mattr\Desktop\Futureproof\Lap4\Anigram\anigram-project\client\src\reducers\index.js">
        <metrics statements="0" coveredstatements="0" conditionals="0" coveredconditionals="0" methods="0" coveredmethods="0"/>
      </file>
      <file name="profile.js" path="C:\Users\mattr\Desktop\Futureproof\Lap4\Anigram\anigram-project\client\src\reducers\profile.js">
        <metrics statements="7" coveredstatements="4" conditionals="6" coveredconditionals="2" methods="1" coveredmethods="1"/>
        <line num="9" count="1" type="stmt"/>
        <line num="20" count="7" type="stmt"/>
        <line num="22" count="7" type="cond" truecount="1" falsecount="4"/>
        <line num="25" count="0" type="stmt"/>
        <line num="35" count="0" type="stmt"/>
        <line num="45" count="0" type="stmt"/>
        <line num="49" count="7" type="stmt"/>
      </file>
    </package>
  </project>
</coverage>
