{"C:\\Users\\mattr\\Desktop\\Futureproof\\Lap4\\Anigram\\anigram-project\\client\\src\\Pages\\ChatPage\\index.js": {"path":"C:\\Users\\mattr\\Desktop\\Futureproof\\Lap4\\Anigram\\anigram-project\\client\\src\\Pages\\ChatPage\\index.js","statementMap":{"0":{"start":{"line":6,"column":17},"end":{"line":160,"column":1}},"1":{"start":{"line":8,"column":21},"end":{"line":8,"column":62}},"2":{"start":{"line":8,"column":42},"end":{"line":8,"column":61}},"3":{"start":{"line":9,"column":4},"end":{"line":9,"column":40}},"4":{"start":{"line":11,"column":32},"end":{"line":11,"column":46}},"5":{"start":{"line":12,"column":36},"end":{"line":12,"column":50}},"6":{"start":{"line":13,"column":34},"end":{"line":13,"column":44}},"7":{"start":{"line":14,"column":32},"end":{"line":14,"column":46}},"8":{"start":{"line":15,"column":22},"end":{"line":15,"column":34}},"9":{"start":{"line":16,"column":4},"end":{"line":35,"column":11}},"10":{"start":{"line":17,"column":8},"end":{"line":32,"column":9}},"11":{"start":{"line":18,"column":12},"end":{"line":18,"column":32}},"12":{"start":{"line":19,"column":24},"end":{"line":19,"column":67}},"13":{"start":{"line":20,"column":8},"end":{"line":24,"column":9}},"14":{"start":{"line":21,"column":12},"end":{"line":21,"column":34}},"15":{"start":{"line":22,"column":27},"end":{"line":22,"column":48}},"16":{"start":{"line":23,"column":12},"end":{"line":23,"column":36}},"17":{"start":{"line":25,"column":8},"end":{"line":28,"column":9}},"18":{"start":{"line":26,"column":12},"end":{"line":26,"column":84}},"19":{"start":{"line":27,"column":12},"end":{"line":27,"column":63}},"20":{"start":{"line":29,"column":8},"end":{"line":29,"column":28}},"21":{"start":{"line":31,"column":8},"end":{"line":31,"column":43}},"22":{"start":{"line":39,"column":26},"end":{"line":50,"column":5}},"23":{"start":{"line":40,"column":8},"end":{"line":40,"column":25}},"24":{"start":{"line":41,"column":8},"end":{"line":46,"column":10}},"25":{"start":{"line":42,"column":12},"end":{"line":45,"column":13}},"26":{"start":{"line":47,"column":8},"end":{"line":47,"column":55}},"27":{"start":{"line":47,"column":29},"end":{"line":47,"column":53}},"28":{"start":{"line":48,"column":8},"end":{"line":48,"column":25}},"29":{"start":{"line":49,"column":8},"end":{"line":49,"column":19}},"30":{"start":{"line":52,"column":8},"end":{"line":52,"column":47}},"31":{"start":{"line":53,"column":8},"end":{"line":70,"column":9}},"32":{"start":{"line":54,"column":12},"end":{"line":67,"column":13}},"33":{"start":{"line":56,"column":20},"end":{"line":56,"column":42}},"34":{"start":{"line":57,"column":20},"end":{"line":57,"column":26}},"35":{"start":{"line":59,"column":20},"end":{"line":59,"column":42}},"36":{"start":{"line":60,"column":42},"end":{"line":60,"column":66}},"37":{"start":{"line":61,"column":20},"end":{"line":61,"column":47}},"38":{"start":{"line":62,"column":20},"end":{"line":62,"column":40}},"39":{"start":{"line":63,"column":20},"end":{"line":63,"column":60}},"40":{"start":{"line":64,"column":20},"end":{"line":64,"column":26}},"41":{"start":{"line":66,"column":20},"end":{"line":66,"column":26}},"42":{"start":{"line":69,"column":12},"end":{"line":69,"column":50}},"43":{"start":{"line":73,"column":16},"end":{"line":73,"column":48}},"44":{"start":{"line":75,"column":21},"end":{"line":79,"column":5}},"45":{"start":{"line":81,"column":21},"end":{"line":83,"column":5}},"46":{"start":{"line":85,"column":21},"end":{"line":88,"column":5}},"47":{"start":{"line":86,"column":8},"end":{"line":86,"column":26}},"48":{"start":{"line":87,"column":8},"end":{"line":87,"column":45}},"49":{"start":{"line":89,"column":24},"end":{"line":97,"column":5}},"50":{"start":{"line":90,"column":27},"end":{"line":94,"column":9}},"51":{"start":{"line":95,"column":8},"end":{"line":95,"column":47}},"52":{"start":{"line":96,"column":8},"end":{"line":96,"column":26}},"53":{"start":{"line":98,"column":23},"end":{"line":105,"column":5}},"54":{"start":{"line":99,"column":27},"end":{"line":102,"column":9}},"55":{"start":{"line":103,"column":8},"end":{"line":103,"column":26}},"56":{"start":{"line":104,"column":8},"end":{"line":104,"column":47}},"57":{"start":{"line":107,"column":20},"end":{"line":110,"column":5}},"58":{"start":{"line":108,"column":8},"end":{"line":108,"column":26}},"59":{"start":{"line":109,"column":8},"end":{"line":109,"column":45}},"60":{"start":{"line":112,"column":23},"end":{"line":121,"column":5}},"61":{"start":{"line":113,"column":8},"end":{"line":113,"column":29}},"62":{"start":{"line":114,"column":8},"end":{"line":114,"column":52}},"63":{"start":{"line":115,"column":24},"end":{"line":118,"column":9}},"64":{"start":{"line":120,"column":8},"end":{"line":120,"column":44}},"65":{"start":{"line":123,"column":4},"end":{"line":159,"column":6}},"66":{"start":{"line":141,"column":36},"end":{"line":141,"column":89}},"67":{"start":{"line":149,"column":20},"end":{"line":149,"column":60}},"68":{"start":{"line":150,"column":20},"end":{"line":150,"column":36}}},"fnMap":{"0":{"name":"(anonymous_0)","decl":{"start":{"line":6,"column":17},"end":{"line":6,"column":18}},"loc":{"start":{"line":6,"column":23},"end":{"line":160,"column":1}},"line":6},"1":{"name":"(anonymous_1)","decl":{"start":{"line":8,"column":33},"end":{"line":8,"column":34}},"loc":{"start":{"line":8,"column":42},"end":{"line":8,"column":61}},"line":8},"2":{"name":"(anonymous_2)","decl":{"start":{"line":16,"column":14},"end":{"line":16,"column":15}},"loc":{"start":{"line":16,"column":20},"end":{"line":35,"column":5}},"line":16},"3":{"name":"(anonymous_3)","decl":{"start":{"line":20,"column":30},"end":{"line":20,"column":31}},"loc":{"start":{"line":20,"column":40},"end":{"line":24,"column":9}},"line":20},"4":{"name":"(anonymous_4)","decl":{"start":{"line":25,"column":27},"end":{"line":25,"column":28}},"loc":{"start":{"line":25,"column":33},"end":{"line":28,"column":9}},"line":25},"5":{"name":"(anonymous_5)","decl":{"start":{"line":39,"column":26},"end":{"line":39,"column":27}},"loc":{"start":{"line":39,"column":36},"end":{"line":50,"column":5}},"line":39},"6":{"name":"(anonymous_6)","decl":{"start":{"line":41,"column":24},"end":{"line":41,"column":25}},"loc":{"start":{"line":41,"column":32},"end":{"line":46,"column":9}},"line":41},"7":{"name":"(anonymous_7)","decl":{"start":{"line":47,"column":18},"end":{"line":47,"column":19}},"loc":{"start":{"line":47,"column":29},"end":{"line":47,"column":53}},"line":47},"8":{"name":"handleResponse","decl":{"start":{"line":51,"column":13},"end":{"line":51,"column":27}},"loc":{"start":{"line":51,"column":33},"end":{"line":71,"column":5}},"line":51},"9":{"name":"(anonymous_9)","decl":{"start":{"line":85,"column":21},"end":{"line":85,"column":22}},"loc":{"start":{"line":85,"column":28},"end":{"line":88,"column":5}},"line":85},"10":{"name":"(anonymous_10)","decl":{"start":{"line":89,"column":24},"end":{"line":89,"column":25}},"loc":{"start":{"line":89,"column":45},"end":{"line":97,"column":5}},"line":89},"11":{"name":"(anonymous_11)","decl":{"start":{"line":98,"column":23},"end":{"line":98,"column":24}},"loc":{"start":{"line":98,"column":30},"end":{"line":105,"column":5}},"line":98},"12":{"name":"(anonymous_12)","decl":{"start":{"line":107,"column":20},"end":{"line":107,"column":21}},"loc":{"start":{"line":107,"column":27},"end":{"line":110,"column":5}},"line":107},"13":{"name":"(anonymous_13)","decl":{"start":{"line":112,"column":23},"end":{"line":112,"column":24}},"loc":{"start":{"line":112,"column":39},"end":{"line":121,"column":5}},"line":112},"14":{"name":"(anonymous_14)","decl":{"start":{"line":141,"column":26},"end":{"line":141,"column":27}},"loc":{"start":{"line":141,"column":36},"end":{"line":141,"column":89}},"line":141},"15":{"name":"(anonymous_15)","decl":{"start":{"line":148,"column":57},"end":{"line":148,"column":58}},"loc":{"start":{"line":148,"column":63},"end":{"line":150,"column":37}},"line":148}},"branchMap":{"0":{"loc":{"start":{"line":47,"column":29},"end":{"line":47,"column":53}},"type":"cond-expr","locations":[{"start":{"line":47,"column":47},"end":{"line":47,"column":48}},{"start":{"line":47,"column":51},"end":{"line":47,"column":53}}],"line":47},"1":{"loc":{"start":{"line":54,"column":12},"end":{"line":67,"column":13}},"type":"switch","locations":[{"start":{"line":55,"column":16},"end":{"line":57,"column":26}},{"start":{"line":58,"column":16},"end":{"line":64,"column":26}},{"start":{"line":65,"column":16},"end":{"line":66,"column":26}}],"line":54},"2":{"loc":{"start":{"line":138,"column":13},"end":{"line":143,"column":77}},"type":"cond-expr","locations":[{"start":{"line":139,"column":12},"end":{"line":142,"column":18}},{"start":{"line":143,"column":12},"end":{"line":143,"column":77}}],"line":138},"3":{"loc":{"start":{"line":143,"column":23},"end":{"line":143,"column":71}},"type":"cond-expr","locations":[{"start":{"line":143,"column":34},"end":{"line":143,"column":42}},{"start":{"line":143,"column":45},"end":{"line":143,"column":71}}],"line":143},"4":{"loc":{"start":{"line":146,"column":13},"end":{"line":155,"column":16}},"type":"cond-expr","locations":[{"start":{"line":147,"column":12},"end":{"line":154,"column":15}},{"start":{"line":155,"column":12},"end":{"line":155,"column":16}}],"line":146}},"s":{"0":1,"1":4,"2":4,"3":4,"4":4,"5":4,"6":4,"7":4,"8":4,"9":4,"10":2,"11":2,"12":2,"13":2,"14":0,"15":0,"16":0,"17":2,"18":0,"19":0,"20":2,"21":0,"22":4,"23":0,"24":0,"25":0,"26":0,"27":0,"28":0,"29":0,"30":0,"31":0,"32":0,"33":0,"34":0,"35":0,"36":0,"37":0,"38":0,"39":0,"40":0,"41":0,"42":0,"43":4,"44":4,"45":4,"46":4,"47":0,"48":0,"49":4,"50":0,"51":0,"52":0,"53":4,"54":0,"55":0,"56":0,"57":4,"58":0,"59":0,"60":4,"61":0,"62":0,"63":0,"64":0,"65":4,"66":0,"67":0,"68":0},"f":{"0":4,"1":4,"2":2,"3":0,"4":0,"5":0,"6":0,"7":0,"8":0,"9":0,"10":0,"11":0,"12":0,"13":0,"14":0,"15":0},"b":{"0":[0,0],"1":[0,0,0],"2":[0,4],"3":[2,2],"4":[0,4]},"_coverageSchema":"1a1c01bbd47fc00a2c39e90264f33305004495a9","hash":"7b843445abfdb34040cca510d20b907bcbcb4bda"}
,"C:\\Users\\mattr\\Desktop\\Futureproof\\Lap4\\Anigram\\anigram-project\\client\\src\\components\\ChatOption.js": {"path":"C:\\Users\\mattr\\Desktop\\Futureproof\\Lap4\\Anigram\\anigram-project\\client\\src\\components\\ChatOption.js","statementMap":{"0":{"start":{"line":3,"column":19},"end":{"line":13,"column":1}},"1":{"start":{"line":4,"column":24},"end":{"line":7,"column":5}},"2":{"start":{"line":5,"column":8},"end":{"line":5,"column":62}},"3":{"start":{"line":6,"column":8},"end":{"line":6,"column":25}},"4":{"start":{"line":8,"column":4},"end":{"line":12,"column":6}}},"fnMap":{"0":{"name":"(anonymous_0)","decl":{"start":{"line":3,"column":19},"end":{"line":3,"column":20}},"loc":{"start":{"line":3,"column":44},"end":{"line":13,"column":1}},"line":3},"1":{"name":"(anonymous_1)","decl":{"start":{"line":4,"column":24},"end":{"line":4,"column":25}},"loc":{"start":{"line":4,"column":30},"end":{"line":7,"column":5}},"line":4}},"branchMap":{},"s":{"0":1,"1":0,"2":0,"3":0,"4":0},"f":{"0":0,"1":0},"b":{},"_coverageSchema":"1a1c01bbd47fc00a2c39e90264f33305004495a9","hash":"d05a0ec395396f99464a052640962a0b1f6727a3"}
,"C:\\Users\\mattr\\Desktop\\Futureproof\\Lap4\\Anigram\\anigram-project\\client\\src\\components\\Conversation.js": {"path":"C:\\Users\\mattr\\Desktop\\Futureproof\\Lap4\\Anigram\\anigram-project\\client\\src\\components\\Conversation.js","statementMap":{"0":{"start":{"line":3,"column":21},"end":{"line":36,"column":1}},"1":{"start":{"line":5,"column":30},"end":{"line":5,"column":40}},"2":{"start":{"line":7,"column":24},"end":{"line":9,"column":5}},"3":{"start":{"line":8,"column":8},"end":{"line":8,"column":32}},"4":{"start":{"line":11,"column":25},"end":{"line":18,"column":5}},"5":{"start":{"line":12,"column":8},"end":{"line":12,"column":26}},"6":{"start":{"line":14,"column":8},"end":{"line":14,"column":20}},"7":{"start":{"line":15,"column":8},"end":{"line":15,"column":49}},"8":{"start":{"line":16,"column":8},"end":{"line":16,"column":30}},"9":{"start":{"line":20,"column":4},"end":{"line":35,"column":6}},"10":{"start":{"line":23,"column":33},"end":{"line":28,"column":19}}},"fnMap":{"0":{"name":"(anonymous_0)","decl":{"start":{"line":3,"column":21},"end":{"line":3,"column":22}},"loc":{"start":{"line":3,"column":63},"end":{"line":36,"column":1}},"line":3},"1":{"name":"(anonymous_1)","decl":{"start":{"line":7,"column":24},"end":{"line":7,"column":25}},"loc":{"start":{"line":7,"column":31},"end":{"line":9,"column":5}},"line":7},"2":{"name":"(anonymous_2)","decl":{"start":{"line":11,"column":25},"end":{"line":11,"column":26}},"loc":{"start":{"line":11,"column":32},"end":{"line":18,"column":5}},"line":11},"3":{"name":"(anonymous_3)","decl":{"start":{"line":23,"column":25},"end":{"line":23,"column":26}},"loc":{"start":{"line":23,"column":33},"end":{"line":28,"column":19}},"line":23}},"branchMap":{"0":{"loc":{"start":{"line":24,"column":51},"end":{"line":24,"column":104}},"type":"cond-expr","locations":[{"start":{"line":24,"column":77},"end":{"line":24,"column":88}},{"start":{"line":24,"column":91},"end":{"line":24,"column":104}}],"line":24}},"s":{"0":1,"1":0,"2":0,"3":0,"4":0,"5":0,"6":0,"7":0,"8":0,"9":0,"10":0},"f":{"0":0,"1":0,"2":0,"3":0},"b":{"0":[0,0]},"_coverageSchema":"1a1c01bbd47fc00a2c39e90264f33305004495a9","hash":"f928d260106d5fbf7a91260648f40c6cd6ed2d08"}
,"C:\\Users\\mattr\\Desktop\\Futureproof\\Lap4\\Anigram\\anigram-project\\client\\src\\reducers\\auth.js": {"path":"C:\\Users\\mattr\\Desktop\\Futureproof\\Lap4\\Anigram\\anigram-project\\client\\src\\reducers\\auth.js","statementMap":{"0":{"start":{"line":10,"column":21},"end":{"line":17,"column":1}},"1":{"start":{"line":20,"column":28},"end":{"line":20,"column":34}},"2":{"start":{"line":22,"column":2},"end":{"line":46,"column":3}},"3":{"start":{"line":24,"column":6},"end":{"line":27,"column":8}},"4":{"start":{"line":29,"column":6},"end":{"line":33,"column":8}},"5":{"start":{"line":35,"column":6},"end":{"line":39,"column":8}},"6":{"start":{"line":43,"column":6},"end":{"line":43,"column":19}},"7":{"start":{"line":45,"column":6},"end":{"line":45,"column":19}}},"fnMap":{"0":{"name":"(anonymous_0)","decl":{"start":{"line":19,"column":15},"end":{"line":19,"column":16}},"loc":{"start":{"line":19,"column":55},"end":{"line":47,"column":1}},"line":19}},"branchMap":{"0":{"loc":{"start":{"line":19,"column":25},"end":{"line":19,"column":45}},"type":"default-arg","locations":[{"start":{"line":19,"column":33},"end":{"line":19,"column":45}}],"line":19},"1":{"loc":{"start":{"line":22,"column":2},"end":{"line":46,"column":3}},"type":"switch","locations":[{"start":{"line":23,"column":4},"end":{"line":27,"column":8}},{"start":{"line":28,"column":4},"end":{"line":33,"column":8}},{"start":{"line":34,"column":4},"end":{"line":39,"column":8}},{"start":{"line":40,"column":4},"end":{"line":40,"column":23}},{"start":{"line":41,"column":4},"end":{"line":41,"column":20}},{"start":{"line":42,"column":4},"end":{"line":43,"column":19}},{"start":{"line":44,"column":4},"end":{"line":45,"column":19}}],"line":22}},"s":{"0":1,"1":4,"2":4,"3":0,"4":0,"5":0,"6":0,"7":4},"f":{"0":4},"b":{"0":[3],"1":[0,0,0,0,0,0,4]},"_coverageSchema":"1a1c01bbd47fc00a2c39e90264f33305004495a9","hash":"a49c424a0a51c7120e2150ca4bc02f57d74974dd"}
,"C:\\Users\\mattr\\Desktop\\Futureproof\\Lap4\\Anigram\\anigram-project\\client\\src\\reducers\\index.js": {"path":"C:\\Users\\mattr\\Desktop\\Futureproof\\Lap4\\Anigram\\anigram-project\\client\\src\\reducers\\index.js","statementMap":{},"fnMap":{},"branchMap":{},"s":{},"f":{},"b":{},"_coverageSchema":"1a1c01bbd47fc00a2c39e90264f33305004495a9","hash":"c23170c0c558123ae6e1e0ec8d37c39df3879ce6"}
}
