{"C:\\Users\\mattr\\Desktop\\Futureproof\\Lap4\\Anigram\\anigram-project\\client\\src\\Pages\\ChatPage\\index.js": {"path":"C:\\Users\\mattr\\Desktop\\Futureproof\\Lap4\\Anigram\\anigram-project\\client\\src\\Pages\\ChatPage\\index.js","statementMap":{"0":{"start":{"line":7,"column":17},"end":{"line":154,"column":1}},"1":{"start":{"line":8,"column":21},"end":{"line":8,"column":67}},"2":{"start":{"line":8,"column":44},"end":{"line":8,"column":66}},"3":{"start":{"line":9,"column":32},"end":{"line":9,"column":46}},"4":{"start":{"line":10,"column":36},"end":{"line":10,"column":50}},"5":{"start":{"line":11,"column":34},"end":{"line":11,"column":44}},"6":{"start":{"line":12,"column":32},"end":{"line":12,"column":46}},"7":{"start":{"line":13,"column":22},"end":{"line":13,"column":34}},"8":{"start":{"line":14,"column":38},"end":{"line":14,"column":52}},"9":{"start":{"line":15,"column":42},"end":{"line":15,"column":54}},"10":{"start":{"line":16,"column":21},"end":{"line":16,"column":49}},"11":{"start":{"line":17,"column":44},"end":{"line":17,"column":58}},"12":{"start":{"line":18,"column":4},"end":{"line":35,"column":11}},"13":{"start":{"line":19,"column":8},"end":{"line":33,"column":9}},"14":{"start":{"line":20,"column":24},"end":{"line":20,"column":67}},"15":{"start":{"line":21,"column":8},"end":{"line":25,"column":9}},"16":{"start":{"line":22,"column":12},"end":{"line":22,"column":29}},"17":{"start":{"line":23,"column":27},"end":{"line":23,"column":48}},"18":{"start":{"line":24,"column":12},"end":{"line":24,"column":36}},"19":{"start":{"line":26,"column":8},"end":{"line":29,"column":9}},"20":{"start":{"line":27,"column":12},"end":{"line":27,"column":84}},"21":{"start":{"line":28,"column":12},"end":{"line":28,"column":63}},"22":{"start":{"line":30,"column":8},"end":{"line":30,"column":28}},"23":{"start":{"line":32,"column":8},"end":{"line":32,"column":43}},"24":{"start":{"line":37,"column":26},"end":{"line":46,"column":5}},"25":{"start":{"line":38,"column":8},"end":{"line":43,"column":10}},"26":{"start":{"line":39,"column":12},"end":{"line":42,"column":13}},"27":{"start":{"line":44,"column":8},"end":{"line":44,"column":55}},"28":{"start":{"line":44,"column":29},"end":{"line":44,"column":53}},"29":{"start":{"line":45,"column":8},"end":{"line":45,"column":19}},"30":{"start":{"line":49,"column":8},"end":{"line":69,"column":9}},"31":{"start":{"line":50,"column":12},"end":{"line":66,"column":13}},"32":{"start":{"line":52,"column":20},"end":{"line":52,"column":42}},"33":{"start":{"line":53,"column":20},"end":{"line":53,"column":26}},"34":{"start":{"line":55,"column":42},"end":{"line":55,"column":66}},"35":{"start":{"line":56,"column":20},"end":{"line":56,"column":47}},"36":{"start":{"line":57,"column":20},"end":{"line":57,"column":60}},"37":{"start":{"line":58,"column":20},"end":{"line":58,"column":39}},"38":{"start":{"line":59,"column":20},"end":{"line":59,"column":26}},"39":{"start":{"line":61,"column":20},"end":{"line":61,"column":46}},"40":{"start":{"line":62,"column":20},"end":{"line":62,"column":35}},"41":{"start":{"line":63,"column":20},"end":{"line":63,"column":26}},"42":{"start":{"line":65,"column":20},"end":{"line":65,"column":26}},"43":{"start":{"line":68,"column":12},"end":{"line":68,"column":57}},"44":{"start":{"line":72,"column":23},"end":{"line":74,"column":5}},"45":{"start":{"line":73,"column":8},"end":{"line":73,"column":26}},"46":{"start":{"line":76,"column":24},"end":{"line":84,"column":5}},"47":{"start":{"line":77,"column":27},"end":{"line":81,"column":9}},"48":{"start":{"line":82,"column":8},"end":{"line":82,"column":47}},"49":{"start":{"line":83,"column":8},"end":{"line":83,"column":26}},"50":{"start":{"line":86,"column":23},"end":{"line":93,"column":5}},"51":{"start":{"line":87,"column":8},"end":{"line":87,"column":29}},"52":{"start":{"line":88,"column":24},"end":{"line":91,"column":9}},"53":{"start":{"line":92,"column":8},"end":{"line":92,"column":44}},"54":{"start":{"line":95,"column":30},"end":{"line":97,"column":5}},"55":{"start":{"line":96,"column":8},"end":{"line":96,"column":38}},"56":{"start":{"line":99,"column":29},"end":{"line":103,"column":5}},"57":{"start":{"line":100,"column":8},"end":{"line":100,"column":26}},"58":{"start":{"line":101,"column":8},"end":{"line":101,"column":30}},"59":{"start":{"line":102,"column":8},"end":{"line":102,"column":81}},"60":{"start":{"line":105,"column":4},"end":{"line":153,"column":4}},"61":{"start":{"line":136,"column":32},"end":{"line":136,"column":85}},"62":{"start":{"line":144,"column":16},"end":{"line":144,"column":56}},"63":{"start":{"line":145,"column":16},"end":{"line":145,"column":32}},"64":{"start":{"line":146,"column":16},"end":{"line":146,"column":64}}},"fnMap":{"0":{"name":"(anonymous_0)","decl":{"start":{"line":7,"column":17},"end":{"line":7,"column":18}},"loc":{"start":{"line":7,"column":23},"end":{"line":154,"column":1}},"line":7},"1":{"name":"(anonymous_1)","decl":{"start":{"line":8,"column":33},"end":{"line":8,"column":34}},"loc":{"start":{"line":8,"column":44},"end":{"line":8,"column":66}},"line":8},"2":{"name":"(anonymous_2)","decl":{"start":{"line":18,"column":14},"end":{"line":18,"column":15}},"loc":{"start":{"line":18,"column":20},"end":{"line":35,"column":5}},"line":18},"3":{"name":"(anonymous_3)","decl":{"start":{"line":21,"column":30},"end":{"line":21,"column":31}},"loc":{"start":{"line":21,"column":40},"end":{"line":25,"column":9}},"line":21},"4":{"name":"(anonymous_4)","decl":{"start":{"line":26,"column":27},"end":{"line":26,"column":28}},"loc":{"start":{"line":26,"column":33},"end":{"line":29,"column":9}},"line":26},"5":{"name":"(anonymous_5)","decl":{"start":{"line":37,"column":26},"end":{"line":37,"column":27}},"loc":{"start":{"line":37,"column":36},"end":{"line":46,"column":5}},"line":37},"6":{"name":"(anonymous_6)","decl":{"start":{"line":38,"column":24},"end":{"line":38,"column":25}},"loc":{"start":{"line":38,"column":32},"end":{"line":43,"column":9}},"line":38},"7":{"name":"(anonymous_7)","decl":{"start":{"line":44,"column":18},"end":{"line":44,"column":19}},"loc":{"start":{"line":44,"column":29},"end":{"line":44,"column":53}},"line":44},"8":{"name":"handleResponse","decl":{"start":{"line":48,"column":13},"end":{"line":48,"column":27}},"loc":{"start":{"line":48,"column":33},"end":{"line":70,"column":5}},"line":48},"9":{"name":"(anonymous_9)","decl":{"start":{"line":72,"column":23},"end":{"line":72,"column":24}},"loc":{"start":{"line":72,"column":29},"end":{"line":74,"column":5}},"line":72},"10":{"name":"(anonymous_10)","decl":{"start":{"line":76,"column":24},"end":{"line":76,"column":25}},"loc":{"start":{"line":76,"column":45},"end":{"line":84,"column":5}},"line":76},"11":{"name":"(anonymous_11)","decl":{"start":{"line":86,"column":23},"end":{"line":86,"column":24}},"loc":{"start":{"line":86,"column":39},"end":{"line":93,"column":5}},"line":86},"12":{"name":"(anonymous_12)","decl":{"start":{"line":95,"column":30},"end":{"line":95,"column":31}},"loc":{"start":{"line":95,"column":37},"end":{"line":97,"column":5}},"line":95},"13":{"name":"(anonymous_13)","decl":{"start":{"line":99,"column":29},"end":{"line":99,"column":30}},"loc":{"start":{"line":99,"column":36},"end":{"line":103,"column":5}},"line":99},"14":{"name":"(anonymous_14)","decl":{"start":{"line":136,"column":22},"end":{"line":136,"column":23}},"loc":{"start":{"line":136,"column":32},"end":{"line":136,"column":85}},"line":136},"15":{"name":"(anonymous_15)","decl":{"start":{"line":143,"column":53},"end":{"line":143,"column":54}},"loc":{"start":{"line":143,"column":59},"end":{"line":146,"column":65}},"line":143}},"branchMap":{"0":{"loc":{"start":{"line":44,"column":29},"end":{"line":44,"column":53}},"type":"cond-expr","locations":[{"start":{"line":44,"column":47},"end":{"line":44,"column":48}},{"start":{"line":44,"column":51},"end":{"line":44,"column":53}}],"line":44},"1":{"loc":{"start":{"line":50,"column":12},"end":{"line":66,"column":13}},"type":"switch","locations":[{"start":{"line":51,"column":16},"end":{"line":53,"column":26}},{"start":{"line":54,"column":16},"end":{"line":59,"column":26}},{"start":{"line":60,"column":16},"end":{"line":63,"column":26}},{"start":{"line":64,"column":16},"end":{"line":65,"column":26}}],"line":50},"2":{"loc":{"start":{"line":119,"column":9},"end":{"line":138,"column":73}},"type":"cond-expr","locations":[{"start":{"line":120,"column":8},"end":{"line":137,"column":14}},{"start":{"line":138,"column":8},"end":{"line":138,"column":73}}],"line":119},"3":{"loc":{"start":{"line":126,"column":9},"end":{"line":134,"column":12}},"type":"cond-expr","locations":[{"start":{"line":127,"column":8},"end":{"line":133,"column":11}},{"start":{"line":134,"column":8},"end":{"line":134,"column":12}}],"line":126},"4":{"loc":{"start":{"line":129,"column":46},"end":{"line":129,"column":73}},"type":"cond-expr","locations":[{"start":{"line":129,"column":61},"end":{"line":129,"column":66}},{"start":{"line":129,"column":69},"end":{"line":129,"column":73}}],"line":129},"5":{"loc":{"start":{"line":138,"column":19},"end":{"line":138,"column":67}},"type":"cond-expr","locations":[{"start":{"line":138,"column":30},"end":{"line":138,"column":38}},{"start":{"line":138,"column":41},"end":{"line":138,"column":67}}],"line":138},"6":{"loc":{"start":{"line":141,"column":9},"end":{"line":151,"column":12}},"type":"cond-expr","locations":[{"start":{"line":142,"column":8},"end":{"line":150,"column":11}},{"start":{"line":151,"column":8},"end":{"line":151,"column":12}}],"line":141}},"s":{"0":1,"1":14,"2":13,"3":13,"4":13,"5":13,"6":13,"7":13,"8":13,"9":13,"10":13,"11":13,"12":13,"13":5,"14":5,"15":5,"16":3,"17":3,"18":3,"19":5,"20":5,"21":5,"22":5,"23":0,"24":13,"25":1,"26":3,"27":1,"28":2,"29":1,"30":3,"31":3,"32":2,"33":2,"34":1,"35":1,"36":1,"37":0,"38":0,"39":0,"40":0,"41":0,"42":0,"43":1,"44":13,"45":0,"46":13,"47":0,"48":0,"49":0,"50":13,"51":0,"52":0,"53":0,"54":13,"55":0,"56":13,"57":0,"58":0,"59":0,"60":13,"61":6,"62":0,"63":0,"64":0},"f":{"0":14,"1":13,"2":5,"3":3,"4":5,"5":1,"6":3,"7":2,"8":3,"9":0,"10":0,"11":0,"12":0,"13":0,"14":6,"15":0},"b":{"0":[2,0],"1":[2,1,0,0],"2":[2,11],"3":[0,2],"4":[0,0],"5":[9,2],"6":[1,12]},"_coverageSchema":"1a1c01bbd47fc00a2c39e90264f33305004495a9","hash":"11ccbe97983c82c25072bc90fbe39f768a0272ed"}
,"C:\\Users\\mattr\\Desktop\\Futureproof\\Lap4\\Anigram\\anigram-project\\client\\src\\components\\ChatOption.js": {"path":"C:\\Users\\mattr\\Desktop\\Futureproof\\Lap4\\Anigram\\anigram-project\\client\\src\\components\\ChatOption.js","statementMap":{"0":{"start":{"line":3,"column":19},"end":{"line":13,"column":1}},"1":{"start":{"line":4,"column":24},"end":{"line":7,"column":5}},"2":{"start":{"line":5,"column":8},"end":{"line":5,"column":62}},"3":{"start":{"line":6,"column":8},"end":{"line":6,"column":25}},"4":{"start":{"line":8,"column":4},"end":{"line":12,"column":6}}},"fnMap":{"0":{"name":"(anonymous_0)","decl":{"start":{"line":3,"column":19},"end":{"line":3,"column":20}},"loc":{"start":{"line":3,"column":44},"end":{"line":13,"column":1}},"line":3},"1":{"name":"(anonymous_1)","decl":{"start":{"line":4,"column":24},"end":{"line":4,"column":25}},"loc":{"start":{"line":4,"column":30},"end":{"line":7,"column":5}},"line":4}},"branchMap":{},"s":{"0":1,"1":6,"2":0,"3":0,"4":6},"f":{"0":6,"1":0},"b":{},"_coverageSchema":"1a1c01bbd47fc00a2c39e90264f33305004495a9","hash":"d05a0ec395396f99464a052640962a0b1f6727a3"}
,"C:\\Users\\mattr\\Desktop\\Futureproof\\Lap4\\Anigram\\anigram-project\\client\\src\\components\\Conversation.js": {"path":"C:\\Users\\mattr\\Desktop\\Futureproof\\Lap4\\Anigram\\anigram-project\\client\\src\\components\\Conversation.js","statementMap":{"0":{"start":{"line":3,"column":21},"end":{"line":36,"column":1}},"1":{"start":{"line":5,"column":30},"end":{"line":5,"column":40}},"2":{"start":{"line":7,"column":24},"end":{"line":9,"column":5}},"3":{"start":{"line":8,"column":8},"end":{"line":8,"column":32}},"4":{"start":{"line":11,"column":25},"end":{"line":18,"column":5}},"5":{"start":{"line":12,"column":8},"end":{"line":12,"column":26}},"6":{"start":{"line":14,"column":8},"end":{"line":14,"column":20}},"7":{"start":{"line":15,"column":8},"end":{"line":15,"column":49}},"8":{"start":{"line":16,"column":8},"end":{"line":16,"column":30}},"9":{"start":{"line":20,"column":4},"end":{"line":35,"column":6}},"10":{"start":{"line":23,"column":33},"end":{"line":28,"column":19}}},"fnMap":{"0":{"name":"(anonymous_0)","decl":{"start":{"line":3,"column":21},"end":{"line":3,"column":22}},"loc":{"start":{"line":3,"column":63},"end":{"line":36,"column":1}},"line":3},"1":{"name":"(anonymous_1)","decl":{"start":{"line":7,"column":24},"end":{"line":7,"column":25}},"loc":{"start":{"line":7,"column":31},"end":{"line":9,"column":5}},"line":7},"2":{"name":"(anonymous_2)","decl":{"start":{"line":11,"column":25},"end":{"line":11,"column":26}},"loc":{"start":{"line":11,"column":32},"end":{"line":18,"column":5}},"line":11},"3":{"name":"(anonymous_3)","decl":{"start":{"line":23,"column":25},"end":{"line":23,"column":26}},"loc":{"start":{"line":23,"column":33},"end":{"line":28,"column":19}},"line":23}},"branchMap":{"0":{"loc":{"start":{"line":24,"column":51},"end":{"line":24,"column":104}},"type":"cond-expr","locations":[{"start":{"line":24,"column":77},"end":{"line":24,"column":88}},{"start":{"line":24,"column":91},"end":{"line":24,"column":104}}],"line":24}},"s":{"0":1,"1":1,"2":1,"3":0,"4":1,"5":0,"6":0,"7":0,"8":0,"9":1,"10":3},"f":{"0":1,"1":0,"2":0,"3":3},"b":{"0":[2,1]},"_coverageSchema":"1a1c01bbd47fc00a2c39e90264f33305004495a9","hash":"f928d260106d5fbf7a91260648f40c6cd6ed2d08"}
,"C:\\Users\\mattr\\Desktop\\Futureproof\\Lap4\\Anigram\\anigram-project\\client\\src\\reducers\\auth.js": {"path":"C:\\Users\\mattr\\Desktop\\Futureproof\\Lap4\\Anigram\\anigram-project\\client\\src\\reducers\\auth.js","statementMap":{"0":{"start":{"line":13,"column":21},"end":{"line":15,"column":1}},"1":{"start":{"line":18,"column":28},"end":{"line":18,"column":34}},"2":{"start":{"line":20,"column":2},"end":{"line":48,"column":3}},"3":{"start":{"line":23,"column":10},"end":{"line":26,"column":11}},"4":{"start":{"line":28,"column":10},"end":{"line":31,"column":11}},"5":{"start":{"line":33,"column":10},"end":{"line":36,"column":11}},"6":{"start":{"line":38,"column":10},"end":{"line":41,"column":11}},"7":{"start":{"line":45,"column":10},"end":{"line":45,"column":22}},"8":{"start":{"line":47,"column":10},"end":{"line":47,"column":22}}},"fnMap":{"0":{"name":"(anonymous_0)","decl":{"start":{"line":17,"column":15},"end":{"line":17,"column":16}},"loc":{"start":{"line":17,"column":54},"end":{"line":49,"column":1}},"line":17}},"branchMap":{"0":{"loc":{"start":{"line":17,"column":24},"end":{"line":17,"column":44}},"type":"default-arg","locations":[{"start":{"line":17,"column":32},"end":{"line":17,"column":44}}],"line":17},"1":{"loc":{"start":{"line":20,"column":2},"end":{"line":48,"column":3}},"type":"switch","locations":[{"start":{"line":21,"column":6},"end":{"line":21,"column":33}},{"start":{"line":22,"column":6},"end":{"line":26,"column":11}},{"start":{"line":27,"column":6},"end":{"line":31,"column":11}},{"start":{"line":32,"column":6},"end":{"line":36,"column":11}},{"start":{"line":37,"column":6},"end":{"line":41,"column":11}},{"start":{"line":42,"column":6},"end":{"line":42,"column":25}},{"start":{"line":43,"column":6},"end":{"line":43,"column":22}},{"start":{"line":44,"column":6},"end":{"line":45,"column":22}},{"start":{"line":46,"column":6},"end":{"line":47,"column":22}}],"line":20}},"s":{"0":1,"1":7,"2":7,"3":0,"4":0,"5":0,"6":0,"7":0,"8":7},"f":{"0":7},"b":{"0":[3],"1":[0,0,0,0,0,0,0,0,7]},"_coverageSchema":"1a1c01bbd47fc00a2c39e90264f33305004495a9","hash":"55bcd0b05a805b7e3de77971c1e81879c74c182b"}
,"C:\\Users\\mattr\\Desktop\\Futureproof\\Lap4\\Anigram\\anigram-project\\client\\src\\reducers\\index.js": {"path":"C:\\Users\\mattr\\Desktop\\Futureproof\\Lap4\\Anigram\\anigram-project\\client\\src\\reducers\\index.js","statementMap":{},"fnMap":{},"branchMap":{},"s":{},"f":{},"b":{},"_coverageSchema":"1a1c01bbd47fc00a2c39e90264f33305004495a9","hash":"c23170c0c558123ae6e1e0ec8d37c39df3879ce6"}
,"C:\\Users\\mattr\\Desktop\\Futureproof\\Lap4\\Anigram\\anigram-project\\client\\src\\reducers\\profile.js": {"path":"C:\\Users\\mattr\\Desktop\\Futureproof\\Lap4\\Anigram\\anigram-project\\client\\src\\reducers\\profile.js","statementMap":{"0":{"start":{"line":9,"column":23},"end":{"line":17,"column":3}},"1":{"start":{"line":20,"column":30},"end":{"line":20,"column":36}},"2":{"start":{"line":22,"column":4},"end":{"line":50,"column":5}},"3":{"start":{"line":25,"column":12},"end":{"line":33,"column":13}},"4":{"start":{"line":35,"column":12},"end":{"line":43,"column":13}},"5":{"start":{"line":45,"column":12},"end":{"line":47,"column":13}},"6":{"start":{"line":49,"column":12},"end":{"line":49,"column":24}}},"fnMap":{"0":{"name":"(anonymous_0)","decl":{"start":{"line":19,"column":17},"end":{"line":19,"column":18}},"loc":{"start":{"line":19,"column":56},"end":{"line":50,"column":6}},"line":19}},"branchMap":{"0":{"loc":{"start":{"line":19,"column":26},"end":{"line":19,"column":46}},"type":"default-arg","locations":[{"start":{"line":19,"column":34},"end":{"line":19,"column":46}}],"line":19},"1":{"loc":{"start":{"line":22,"column":4},"end":{"line":50,"column":5}},"type":"switch","locations":[{"start":{"line":23,"column":8},"end":{"line":23,"column":39}},{"start":{"line":24,"column":8},"end":{"line":33,"column":13}},{"start":{"line":34,"column":8},"end":{"line":43,"column":13}},{"start":{"line":44,"column":8},"end":{"line":47,"column":13}},{"start":{"line":48,"column":8},"end":{"line":49,"column":24}}],"line":22}},"s":{"0":1,"1":7,"2":7,"3":0,"4":0,"5":0,"6":7},"f":{"0":7},"b":{"0":[3],"1":[0,0,0,0,7]},"_coverageSchema":"1a1c01bbd47fc00a2c39e90264f33305004495a9","hash":"c876af52b0bcd72538c3c59cc28e9d59c5eb9f9e"}
}
