TN:
SF:src\Pages\ChatPage\index.js
FN:7,(anonymous_0)
FN:8,(anonymous_1)
FN:18,(anonymous_2)
FN:21,(anonymous_3)
FN:26,(anonymous_4)
FN:37,(anonymous_5)
FN:38,(anonymous_6)
FN:44,(anonymous_7)
FN:48,handleResponse
FN:72,(anonymous_9)
FN:76,(anonymous_10)
FN:86,(anonymous_11)
FN:95,(anonymous_12)
FN:99,(anonymous_13)
FN:136,(anonymous_14)
FN:143,(anonymous_15)
FNF:16
FNH:10
FNDA:14,(anonymous_0)
FNDA:13,(anonymous_1)
FNDA:5,(anonymous_2)
FNDA:3,(anonymous_3)
FNDA:5,(anonymous_4)
FNDA:1,(anonymous_5)
FNDA:3,(anonymous_6)
FNDA:2,(anonymous_7)
FNDA:3,handleResponse
FNDA:0,(anonymous_9)
FNDA:0,(anonymous_10)
FNDA:0,(anonymous_11)
FNDA:0,(anonymous_12)
FNDA:0,(anonymous_13)
FNDA:6,(anonymous_14)
FNDA:0,(anonymous_15)
DA:7,1
DA:8,14
DA:9,13
DA:10,13
DA:11,13
DA:12,13
DA:13,13
DA:14,13
DA:15,13
DA:16,13
DA:17,13
DA:18,13
DA:19,5
DA:20,5
DA:21,5
DA:22,3
DA:23,3
DA:24,3
DA:26,5
DA:27,5
DA:28,5
DA:30,5
DA:32,0
DA:37,13
DA:38,1
DA:39,3
DA:44,2
DA:45,1
DA:49,3
DA:50,3
DA:52,2
DA:53,2
DA:55,1
DA:56,1
DA:57,1
DA:58,0
DA:59,0
DA:61,0
DA:62,0
DA:63,0
DA:65,0
DA:68,1
DA:72,13
DA:73,0
DA:76,13
DA:77,0
DA:82,0
DA:83,0
DA:86,13
DA:87,0
DA:88,0
DA:92,0
DA:95,13
DA:96,0
DA:99,13
DA:100,0
DA:101,0
DA:102,0
DA:105,13
DA:136,6
DA:144,0
DA:145,0
DA:146,0
LF:63
LH:42
BRDA:44,0,0,2
BRDA:44,0,1,0
BRDA:50,1,0,2
BRDA:50,1,1,1
BRDA:50,1,2,0
BRDA:50,1,3,0
BRDA:119,2,0,2
BRDA:119,2,1,11
BRDA:126,3,0,0
BRDA:126,3,1,2
BRDA:129,4,0,0
BRDA:129,4,1,0
BRDA:138,5,0,9
BRDA:138,5,1,2
BRDA:141,6,0,1
BRDA:141,6,1,12
BRF:16
BRH:10
end_of_record
TN:
SF:src\components\ChatOption.js
FN:3,(anonymous_0)
FN:4,(anonymous_1)
FNF:2
FNH:1
FNDA:6,(anonymous_0)
FNDA:0,(anonymous_1)
DA:3,1
DA:4,6
DA:5,0
DA:6,0
DA:8,6
LF:5
LH:3
BRF:0
BRH:0
end_of_record
TN:
SF:src\components\Conversation.js
FN:3,(anonymous_0)
FN:7,(anonymous_1)
FN:11,(anonymous_2)
FN:23,(anonymous_3)
FNF:4
FNH:2
FNDA:1,(anonymous_0)
FNDA:0,(anonymous_1)
FNDA:0,(anonymous_2)
FNDA:3,(anonymous_3)
DA:3,1
DA:5,1
DA:7,1
DA:8,0
DA:11,1
DA:12,0
DA:14,0
DA:15,0
DA:16,0
DA:20,1
DA:23,3
LF:11
LH:6
BRDA:24,0,0,2
BRDA:24,0,1,1
BRF:2
BRH:2
end_of_record
TN:
SF:src\reducers\auth.js
FN:17,(anonymous_0)
FNF:1
FNH:1
FNDA:7,(anonymous_0)
DA:13,1
DA:18,7
DA:20,7
DA:23,0
DA:28,0
DA:33,0
DA:38,0
DA:45,0
DA:47,7
LF:9
LH:4
BRDA:17,0,0,3
BRDA:20,1,0,0
BRDA:20,1,1,0
BRDA:20,1,2,0
BRDA:20,1,3,0
BRDA:20,1,4,0
BRDA:20,1,5,0
BRDA:20,1,6,0
BRDA:20,1,7,0
BRDA:20,1,8,7
BRF:10
BRH:2
end_of_record
TN:
SF:src\reducers\index.js
FNF:0
FNH:0
LF:0
LH:0
BRF:0
BRH:0
end_of_record
TN:
SF:src\reducers\profile.js
FN:19,(anonymous_0)
FNF:1
FNH:1
FNDA:7,(anonymous_0)
DA:9,1
DA:20,7
DA:22,7
DA:25,0
DA:35,0
DA:45,0
DA:49,7
LF:7
LH:4
BRDA:19,0,0,3
BRDA:22,1,0,0
BRDA:22,1,1,0
BRDA:22,1,2,0
BRDA:22,1,3,0
BRDA:22,1,4,7
BRF:6
BRH:2
end_of_record
