TN:
SF:src\Pages\ChatPage\index.js
FN:6,(anonymous_0)
FN:8,(anonymous_1)
FN:16,(anonymous_2)
FN:20,(anonymous_3)
FN:25,(anonymous_4)
FN:39,(anonymous_5)
FN:41,(anonymous_6)
FN:47,(anonymous_7)
FN:51,handleResponse
FN:85,(anonymous_9)
FN:89,(anonymous_10)
FN:98,(anonymous_11)
FN:107,(anonymous_12)
FN:112,(anonymous_13)
FN:141,(anonymous_14)
FN:148,(anonymous_15)
FNF:16
FNH:3
FNDA:4,(anonymous_0)
FNDA:4,(anonymous_1)
FNDA:2,(anonymous_2)
FNDA:0,(anonymous_3)
FNDA:0,(anonymous_4)
FNDA:0,(anonymous_5)
FNDA:0,(anonymous_6)
FNDA:0,(anonymous_7)
FNDA:0,handleResponse
FNDA:0,(anonymous_9)
FNDA:0,(anonymous_10)
FNDA:0,(anonymous_11)
FNDA:0,(anonymous_12)
FNDA:0,(anonymous_13)
FNDA:0,(anonymous_14)
FNDA:0,(anonymous_15)
DA:6,1
DA:8,4
DA:9,4
DA:11,4
DA:12,4
DA:13,4
DA:14,4
DA:15,4
DA:16,4
DA:17,2
DA:18,2
DA:19,2
DA:20,2
DA:21,0
DA:22,0
DA:23,0
DA:25,2
DA:26,0
DA:27,0
DA:29,2
DA:31,0
DA:39,4
DA:40,0
DA:41,0
DA:42,0
DA:47,0
DA:48,0
DA:49,0
DA:52,0
DA:53,0
DA:54,0
DA:56,0
DA:57,0
DA:59,0
DA:60,0
DA:61,0
DA:62,0
DA:63,0
DA:64,0
DA:66,0
DA:69,0
DA:73,4
DA:75,4
DA:81,4
DA:85,4
DA:86,0
DA:87,0
DA:89,4
DA:90,0
DA:95,0
DA:96,0
DA:98,4
DA:99,0
DA:103,0
DA:104,0
DA:107,4
DA:108,0
DA:109,0
DA:112,4
DA:113,0
DA:114,0
DA:115,0
DA:120,0
DA:123,4
DA:141,0
DA:149,0
DA:150,0
LF:67
LH:25
BRDA:47,0,0,0
BRDA:47,0,1,0
BRDA:54,1,0,0
BRDA:54,1,1,0
BRDA:54,1,2,0
BRDA:138,2,0,0
BRDA:138,2,1,4
BRDA:143,3,0,2
BRDA:143,3,1,2
BRDA:146,4,0,0
BRDA:146,4,1,4
BRF:11
BRH:4
end_of_record
TN:
SF:src\components\ChatOption.js
FN:3,(anonymous_0)
FN:4,(anonymous_1)
FNF:2
FNH:0
FNDA:0,(anonymous_0)
FNDA:0,(anonymous_1)
DA:3,1
DA:4,0
DA:5,0
DA:6,0
DA:8,0
LF:5
LH:1
BRF:0
BRH:0
end_of_record
TN:
SF:src\components\Conversation.js
FN:3,(anonymous_0)
FN:7,(anonymous_1)
FN:11,(anonymous_2)
FN:23,(anonymous_3)
FNF:4
FNH:0
FNDA:0,(anonymous_0)
FNDA:0,(anonymous_1)
FNDA:0,(anonymous_2)
FNDA:0,(anonymous_3)
DA:3,1
DA:5,0
DA:7,0
DA:8,0
DA:11,0
DA:12,0
DA:14,0
DA:15,0
DA:16,0
DA:20,0
DA:23,0
LF:11
LH:1
BRDA:24,0,0,0
BRDA:24,0,1,0
BRF:2
BRH:0
end_of_record
TN:
SF:src\reducers\auth.js
FN:19,(anonymous_0)
FNF:1
FNH:1
FNDA:4,(anonymous_0)
DA:10,1
DA:20,4
DA:22,4
DA:24,0
DA:29,0
DA:35,0
DA:43,0
DA:45,4
LF:8
LH:4
BRDA:19,0,0,3
BRDA:22,1,0,0
BRDA:22,1,1,0
BRDA:22,1,2,0
BRDA:22,1,3,0
BRDA:22,1,4,0
BRDA:22,1,5,0
BRDA:22,1,6,4
BRF:8
BRH:2
end_of_record
TN:
SF:src\reducers\index.js
FNF:0
FNH:0
LF:0
LH:0
BRF:0
BRH:0
end_of_record
